2026-07-15 05:52:53 [main] INFO  com.sgi.SistemaGestionIncidencias - Starting SistemaGestionIncidencias using Java 25.0.1 with PID 14788 (C:\Users\Usuario\Desktop\Proyecto-SGI\target\classes started by Usuario in C:\Users\Usuario\Desktop\Proyecto-SGI)
2026-07-15 05:52:53 [main] DEBUG com.sgi.SistemaGestionIncidencias - Running with Spring Boot v3.2.5, Spring v6.1.6
2026-07-15 05:52:53 [main] INFO  com.sgi.SistemaGestionIncidencias - No active profile set, falling back to 1 default profile: "default"
2026-07-15 05:52:57 [main] INFO  o.s.d.r.c.RepositoryConfigurationDelegate - Bootstrapping Spring Data JPA repositories in DEFAULT mode.
2026-07-15 05:52:57 [main] INFO  o.s.d.r.c.RepositoryConfigurationDelegate - Finished Spring Data repository scanning in 211 ms. Found 5 JPA repository interfaces.
2026-07-15 05:52:59 [main] INFO  o.s.b.w.e.tomcat.TomcatWebServer - Tomcat initialized with port 8080 (http)
2026-07-15 05:52:59 [main] INFO  o.a.coyote.http11.Http11NioProtocol - Initializing ProtocolHandler ["http-nio-8080"]
2026-07-15 05:52:59 [main] INFO  o.a.catalina.core.StandardService - Starting service [Tomcat]
2026-07-15 05:52:59 [main] INFO  o.a.catalina.core.StandardEngine - Starting Servlet engine: [Apache Tomcat/10.1.20]
2026-07-15 05:52:59 [main] INFO  o.a.c.c.C.[Tomcat].[localhost].[/] - Initializing Spring embedded WebApplicationContext
2026-07-15 05:52:59 [main] INFO  o.s.b.w.s.c.ServletWebServerApplicationContext - Root WebApplicationContext: initialization completed in 5667 ms
2026-07-15 05:53:02 [main] INFO  o.s.o.j.p.SpringPersistenceUnitInfo - No LoadTimeWeaver setup: ignoring JPA class transformer
2026-07-15 05:53:03 [main] INFO  com.zaxxer.hikari.HikariDataSource - HikariPool-1 - Starting...
2026-07-15 05:53:05 [main] INFO  com.zaxxer.hikari.pool.HikariPool - HikariPool-1 - Added connection com.mysql.cj.jdbc.ConnectionImpl@bfe47a8
2026-07-15 05:53:05 [main] INFO  com.zaxxer.hikari.HikariDataSource - HikariPool-1 - Start completed.
2026-07-15 05:53:05 [main] WARN  org.hibernate.orm.deprecation - HHH90000025: MySQLDialect does not need to be specified explicitly using 'hibernate.dialect' (remove the property setting and it will be selected by default)
2026-07-15 05:53:08 [main] INFO  o.s.o.j.LocalContainerEntityManagerFactoryBean - Initialized JPA EntityManagerFactory for persistence unit 'default'
2026-07-15 05:53:08 [main] INFO  o.s.d.j.r.query.QueryEnhancerFactory - Hibernate is in classpath; If applicable, HQL parser will be used.
2026-07-15 05:53:09 [main] WARN  o.s.b.a.o.j.JpaBaseConfiguration$JpaWebConfiguration - spring.jpa.open-in-view is enabled by default. Therefore, database queries may be performed during view rendering. Explicitly configure spring.jpa.open-in-view to disable this warning
2026-07-15 05:53:10 [main] INFO  o.a.coyote.http11.Http11NioProtocol - Starting ProtocolHandler ["http-nio-8080"]
2026-07-15 05:53:10 [main] INFO  o.s.b.w.e.tomcat.TomcatWebServer - Tomcat started on port 8080 (http) with context path ''
2026-07-15 05:53:10 [main] INFO  com.sgi.SistemaGestionIncidencias - Started SistemaGestionIncidencias in 18.208 seconds (process running for 19.654)
2026-07-15 05:53:29 [http-nio-8080-exec-3] INFO  o.a.c.c.C.[Tomcat].[localhost].[/] - Initializing Spring DispatcherServlet 'dispatcherServlet'
2026-07-15 05:53:29 [http-nio-8080-exec-3] INFO  o.s.web.servlet.DispatcherServlet - Initializing Servlet 'dispatcherServlet'
2026-07-15 05:53:29 [http-nio-8080-exec-3] INFO  o.s.web.servlet.DispatcherServlet - Completed initialization in 2 ms
2026-07-15 05:53:34 [http-nio-8080-exec-10] INFO  com.sgi.controller.LoginController - AUDITORIA | Módulo=Autenticación | Usuario=admin@sgi.com | Acción=Inicio de sesión
2026-07-15 05:53:34 [http-nio-8080-exec-7] INFO  c.s.controller.IncidenciaController - AUDITORIA | Módulo=Panel Administrador | Usuario=admin@sgi.com | Acción=Ingresó al Panel Administrador
2026-07-15 05:53:39 [http-nio-8080-exec-1] INFO  c.sgi.controller.ReporteController - AUDITORIA | Módulo=Centro de Reportes | Usuario=admin@sgi.com | Acción=Ingresó al Centro de Reportes
2026-07-15 05:53:45 [http-nio-8080-exec-3] INFO  c.s.controller.IncidenciaController - AUDITORIA | Módulo=Panel Administrador | Usuario=admin@sgi.com | Acción=Ingresó al Panel Administrador
2026-07-15 05:53:47 [http-nio-8080-exec-9] INFO  c.sgi.controller.MetricaController - AUDITORIA | Módulo=Centro de Métricas | Usuario=admin@sgi.com | Acción=Ingresó al Centro de Métricas
2026-07-15 05:53:49 [http-nio-8080-exec-5] INFO  c.s.controller.IncidenciaController - AUDITORIA | Módulo=Panel Administrador | Usuario=admin@sgi.com | Acción=Ingresó al Panel Administrador
2026-07-15 05:54:00 [http-nio-8080-exec-1] INFO  c.s.controller.IncidenciaController - AUDITORIA | Módulo=Panel Administrador | Usuario=admin@sgi.com | Acción=Ingresó al Panel Administrador
2026-07-15 05:54:02 [http-nio-8080-exec-4] INFO  c.s.controller.IncidenciaController - AUDITORIA | Módulo=Panel Administrador | Usuario=admin@sgi.com | Acción=Ingresó al Panel Administrador
2026-07-15 05:54:10 [http-nio-8080-exec-10] INFO  c.s.controller.IncidenciaController - AUDITORIA | Módulo=Panel Administrador | Usuario=admin@sgi.com | Acción=Ingresó al Panel Administrador
2026-07-15 05:54:12 [http-nio-8080-exec-8] INFO  c.sgi.controller.MetricaController - AUDITORIA | Módulo=Centro de Métricas | Usuario=admin@sgi.com | Acción=Ingresó al Centro de Métricas
2026-07-15 05:54:15 [http-nio-8080-exec-3] INFO  c.s.controller.IncidenciaController - AUDITORIA | Módulo=Panel Administrador | Usuario=admin@sgi.com | Acción=Ingresó al Panel Administrador
2026-07-15 05:55:25 [http-nio-8080-exec-5] INFO  c.sgi.controller.MetricaController - AUDITORIA | Módulo=Centro de Métricas | Usuario=admin@sgi.com | Acción=Ingresó al Centro de Métricas
2026-07-15 05:55:28 [http-nio-8080-exec-8] INFO  c.sgi.controller.ReporteController - AUDITORIA | Módulo=Centro de Reportes | Usuario=admin@sgi.com | Acción=Ingresó al Centro de Reportes
2026-07-15 05:55:32 [http-nio-8080-exec-3] INFO  c.s.controller.IncidenciaController - AUDITORIA | Módulo=Panel Administrador | Usuario=admin@sgi.com | Acción=Ingresó al Panel Administrador
